2021-09-08 13:22:52,453 [INFO] Activator:177 - 


2021-09-08 13:22:52,453 [INFO] Activator:178 - !SESSION log4j initialized
2021-09-08 13:23:48,074 [INFO] McuFinderGlobals:39 - Set McuFinder mode to 2 (CubeIDE integrated)
2021-09-08 13:23:48,184 [INFO] ApplicationProperties:181 - Using Application install path: C:\ST\STM32CubeIDE_1.7.0\STM32CubeIDE\plugins\com.st.stm32cube.common.mx_6.3.0.202107141111
2021-09-08 13:23:48,184 [INFO] DbMcusXml:74 - Set database path to: C:\ST\STM32CubeIDE_1.7.0\STM32CubeIDE\plugins\com.st.stm32cube.common.mx_6.3.0.202107141111\\db\/mcu/
2021-09-08 13:23:48,184 [INFO] DbBoardsPdsc:56 - Set plugin database path to: C:\ST\STM32CubeIDE_1.7.0\STM32CubeIDE\plugins\com.st.stm32cube.common.mx_6.3.0.202107141111\\db\/plugins/boardmanager/
2021-09-08 13:23:48,184 [INFO] DbMcus:258 - Set plugin images path to: C:\ST\STM32CubeIDE_1.7.0\STM32CubeIDE\plugins\com.st.stm32cube.common.mx_6.3.0.202107141111\\db\/plugins/mcufinder/images/
2021-09-08 13:23:48,184 [INFO] DbBoards:264 - Set plugin images path to: C:\ST\STM32CubeIDE_1.7.0\STM32CubeIDE\plugins\com.st.stm32cube.common.mx_6.3.0.202107141111\\db\/plugins/mcufinder/images/
2021-09-08 13:23:48,184 [INFO] DbExamples:333 - Set plugin images path to: C:\ST\STM32CubeIDE_1.7.0\STM32CubeIDE\plugins\com.st.stm32cube.common.mx_6.3.0.202107141111\\db\/plugins/mcufinder/images/
2021-09-08 13:23:48,199 [INFO] DbMcusAds:119 - Set database path to: C:\Users\jose.adriano\.stmcufinder\plugins\mcufinder//mcu/
2021-09-08 13:23:48,199 [INFO] DbMcusDocs:110 - Set database path to: C:\Users\jose.adriano\.stmcufinder\plugins\mcufinder//mcu/
2021-09-08 13:23:48,199 [INFO] DbMcusJson:64 - Set database path to: C:\Users\jose.adriano\.stmcufinder\plugins\mcufinder//mcu/
2021-09-08 13:23:48,199 [INFO] DbBoardsDocs:110 - Set database path to: C:\Users\jose.adriano\.stmcufinder\plugins\mcufinder//mcu/
2021-09-08 13:23:48,199 [INFO] DbBoardsJson:57 - Set database path to: C:\Users\jose.adriano\.stmcufinder\plugins\mcufinder//mcu/
2021-09-08 13:23:48,574 [INFO] CrossReferenceDbSqlite:196 - Set database path to: C:\Users\jose.adriano\.stmcufinder\plugins\mcufinder//mcu/cs/
2021-09-08 13:23:48,590 [INFO] DbExamplesSqlite:767 - Set database path to: C:\Users\jose.adriano\.stmcufinder\plugins\mcufinder//mcu/
2021-09-08 13:23:48,653 [INFO] RulesReader:57 - Compatibility file has been processed (242 Rules)
2021-09-08 13:23:48,746 [INFO] DbMcusXml:74 - Set database path to: C:\ST\STM32CubeIDE_1.7.0\STM32CubeIDE\plugins\com.st.stm32cube.common.mx_6.3.0.202107141111\\db\/mcu/
2021-09-08 13:23:48,746 [INFO] DbBoardsPdsc:56 - Set plugin database path to: C:\ST\STM32CubeIDE_1.7.0\STM32CubeIDE\plugins\com.st.stm32cube.common.mx_6.3.0.202107141111\\db\/plugins/boardmanager/
2021-09-08 13:23:48,746 [INFO] DbMcus:258 - Set plugin images path to: C:\ST\STM32CubeIDE_1.7.0\STM32CubeIDE\plugins\com.st.stm32cube.common.mx_6.3.0.202107141111\\db\/plugins/mcufinder/images/
2021-09-08 13:23:48,746 [INFO] DbBoards:264 - Set plugin images path to: C:\ST\STM32CubeIDE_1.7.0\STM32CubeIDE\plugins\com.st.stm32cube.common.mx_6.3.0.202107141111\\db\/plugins/mcufinder/images/
2021-09-08 13:23:48,746 [INFO] DbExamples:333 - Set plugin images path to: C:\ST\STM32CubeIDE_1.7.0\STM32CubeIDE\plugins\com.st.stm32cube.common.mx_6.3.0.202107141111\\db\/plugins/mcufinder/images/
2021-09-08 13:23:48,746 [WARN] DbFile:35 - Overriding database path with different value: C:\Users\jose.adriano\.stmcufinder\plugins\mcufinder/ => C:\Users\jose.adriano\.stmcufinder\plugins\mcufinder
2021-09-08 13:23:48,746 [INFO] DbMcusAds:119 - Set database path to: C:\Users\jose.adriano\.stmcufinder\plugins\mcufinder//mcu/
2021-09-08 13:23:48,746 [WARN] DbFile:35 - Overriding database path with different value: C:\Users\jose.adriano\.stmcufinder\plugins\mcufinder/ => C:\Users\jose.adriano\.stmcufinder\plugins\mcufinder
2021-09-08 13:23:48,746 [INFO] DbMcusDocs:110 - Set database path to: C:\Users\jose.adriano\.stmcufinder\plugins\mcufinder//mcu/
2021-09-08 13:23:48,746 [WARN] DbFile:35 - Overriding database path with different value: C:\Users\jose.adriano\.stmcufinder\plugins\mcufinder/ => C:\Users\jose.adriano\.stmcufinder\plugins\mcufinder
2021-09-08 13:23:48,746 [INFO] DbMcusJson:64 - Set database path to: C:\Users\jose.adriano\.stmcufinder\plugins\mcufinder//mcu/
2021-09-08 13:23:48,746 [WARN] DbFile:35 - Overriding database path with different value: C:\Users\jose.adriano\.stmcufinder\plugins\mcufinder/ => C:\Users\jose.adriano\.stmcufinder\plugins\mcufinder
2021-09-08 13:23:48,746 [INFO] DbBoardsDocs:110 - Set database path to: C:\Users\jose.adriano\.stmcufinder\plugins\mcufinder//mcu/
2021-09-08 13:23:48,746 [WARN] DbFile:35 - Overriding database path with different value: C:\Users\jose.adriano\.stmcufinder\plugins\mcufinder/ => C:\Users\jose.adriano\.stmcufinder\plugins\mcufinder
2021-09-08 13:23:48,746 [INFO] DbBoardsJson:57 - Set database path to: C:\Users\jose.adriano\.stmcufinder\plugins\mcufinder//mcu/
2021-09-08 13:23:48,746 [WARN] DbFile:35 - Overriding database path with different value: C:\Users\jose.adriano\.stmcufinder\plugins\mcufinder/ => C:\Users\jose.adriano\.stmcufinder\plugins\mcufinder
2021-09-08 13:23:48,746 [WARN] DbFile:35 - Overriding database path with different value: C:\Users\jose.adriano\.stmcufinder\plugins\mcufinder/ => C:\Users\jose.adriano\.stmcufinder\plugins\mcufinder
2021-09-08 13:23:48,746 [INFO] CrossReferenceDbSqlite:196 - Set database path to: C:\Users\jose.adriano\.stmcufinder\plugins\mcufinder//mcu/cs/
2021-09-08 13:23:48,746 [WARN] DbFile:35 - Overriding database path with different value: C:\Users\jose.adriano\.stmcufinder\plugins\mcufinder/ => C:\Users\jose.adriano\.stmcufinder\plugins\mcufinder
2021-09-08 13:23:48,746 [INFO] DbExamplesSqlite:767 - Set database path to: C:\Users\jose.adriano\.stmcufinder\plugins\mcufinder//mcu/
2021-09-08 13:23:48,777 [INFO] MainPanel:214 - HeapMemory: 409993216
2021-09-08 13:23:48,871 [INFO] DbMcusXml:74 - Set database path to: C:\ST\STM32CubeIDE_1.7.0\STM32CubeIDE\plugins\com.st.stm32cube.common.mx_6.3.0.202107141111\\db\/mcu/
2021-09-08 13:23:48,871 [INFO] DbBoardsPdsc:56 - Set plugin database path to: C:\ST\STM32CubeIDE_1.7.0\STM32CubeIDE\plugins\com.st.stm32cube.common.mx_6.3.0.202107141111\\db\/plugins/boardmanager/
2021-09-08 13:23:48,871 [INFO] DbMcus:258 - Set plugin images path to: C:\ST\STM32CubeIDE_1.7.0\STM32CubeIDE\plugins\com.st.stm32cube.common.mx_6.3.0.202107141111\\db\/plugins/mcufinder/images/
2021-09-08 13:23:48,871 [INFO] DbBoards:264 - Set plugin images path to: C:\ST\STM32CubeIDE_1.7.0\STM32CubeIDE\plugins\com.st.stm32cube.common.mx_6.3.0.202107141111\\db\/plugins/mcufinder/images/
2021-09-08 13:23:48,871 [INFO] DbExamples:333 - Set plugin images path to: C:\ST\STM32CubeIDE_1.7.0\STM32CubeIDE\plugins\com.st.stm32cube.common.mx_6.3.0.202107141111\\db\/plugins/mcufinder/images/
2021-09-08 13:23:48,887 [WARN] DbFile:35 - Overriding database path with different value: C:\Users\jose.adriano\.stmcufinder\plugins\mcufinder/ => C:\Users\jose.adriano\.stmcufinder\plugins\mcufinder
2021-09-08 13:23:48,887 [INFO] DbMcusAds:119 - Set database path to: C:\Users\jose.adriano\.stmcufinder\plugins\mcufinder//mcu/
2021-09-08 13:23:48,887 [WARN] DbFile:35 - Overriding database path with different value: C:\Users\jose.adriano\.stmcufinder\plugins\mcufinder/ => C:\Users\jose.adriano\.stmcufinder\plugins\mcufinder
2021-09-08 13:23:48,887 [INFO] DbMcusDocs:110 - Set database path to: C:\Users\jose.adriano\.stmcufinder\plugins\mcufinder//mcu/
2021-09-08 13:23:48,887 [WARN] DbFile:35 - Overriding database path with different value: C:\Users\jose.adriano\.stmcufinder\plugins\mcufinder/ => C:\Users\jose.adriano\.stmcufinder\plugins\mcufinder
2021-09-08 13:23:48,887 [INFO] DbMcusJson:64 - Set database path to: C:\Users\jose.adriano\.stmcufinder\plugins\mcufinder//mcu/
2021-09-08 13:23:48,887 [WARN] DbFile:35 - Overriding database path with different value: C:\Users\jose.adriano\.stmcufinder\plugins\mcufinder/ => C:\Users\jose.adriano\.stmcufinder\plugins\mcufinder
2021-09-08 13:23:48,887 [INFO] DbBoardsDocs:110 - Set database path to: C:\Users\jose.adriano\.stmcufinder\plugins\mcufinder//mcu/
2021-09-08 13:23:48,887 [WARN] DbFile:35 - Overriding database path with different value: C:\Users\jose.adriano\.stmcufinder\plugins\mcufinder/ => C:\Users\jose.adriano\.stmcufinder\plugins\mcufinder
2021-09-08 13:23:48,887 [INFO] DbBoardsJson:57 - Set database path to: C:\Users\jose.adriano\.stmcufinder\plugins\mcufinder//mcu/
2021-09-08 13:23:48,887 [WARN] DbFile:35 - Overriding database path with different value: C:\Users\jose.adriano\.stmcufinder\plugins\mcufinder/ => C:\Users\jose.adriano\.stmcufinder\plugins\mcufinder
2021-09-08 13:23:48,887 [WARN] DbFile:35 - Overriding database path with different value: C:\Users\jose.adriano\.stmcufinder\plugins\mcufinder/ => C:\Users\jose.adriano\.stmcufinder\plugins\mcufinder
2021-09-08 13:23:48,887 [INFO] CrossReferenceDbSqlite:196 - Set database path to: C:\Users\jose.adriano\.stmcufinder\plugins\mcufinder//mcu/cs/
2021-09-08 13:23:48,887 [WARN] DbFile:35 - Overriding database path with different value: C:\Users\jose.adriano\.stmcufinder\plugins\mcufinder/ => C:\Users\jose.adriano\.stmcufinder\plugins\mcufinder
2021-09-08 13:23:48,887 [INFO] DbExamplesSqlite:767 - Set database path to: C:\Users\jose.adriano\.stmcufinder\plugins\mcufinder//mcu/
2021-09-08 13:23:48,902 [INFO] ApplicationProperties:181 - Using Application install path: C:\ST\STM32CubeIDE_1.7.0\STM32CubeIDE\plugins\com.st.stm32cube.common.mx_6.3.0.202107141111
2021-09-08 13:23:48,902 [INFO] PluginManage:188 - Search for loadable plugins [exclusion list=, ]
2021-09-08 13:23:48,902 [INFO] PluginManage:302 - Check plugin analytics
2021-09-08 13:23:49,027 [INFO] AnalyticsPlugin:257 - Accepted Software Licenses: 
2021-09-08 13:23:49,027 [INFO] AnalyticsPlugin:259 - Accepted CMSIS Pack Licenses: 
2021-09-08 13:23:49,027 [INFO] AnalyticsPlugin:261 - Accepted Firmware Licenses: 
2021-09-08 13:23:49,027 [INFO] PluginManage:352 - Loaded plugin analytics (category:tool,tabindex:-1)
2021-09-08 13:23:49,027 [INFO] PluginManage:302 - Check plugin clock
2021-09-08 13:23:49,043 [INFO] PluginManage:352 - Loaded plugin clock (category:base,tabindex:2)
2021-09-08 13:23:49,043 [INFO] PluginManage:302 - Check plugin ddr
2021-09-08 13:23:49,043 [INFO] PluginManage:352 - Loaded plugin ddr (category:tool,tabindex:6)
2021-09-08 13:23:49,043 [INFO] PluginManage:302 - Check plugin filemanager
2021-09-08 13:23:49,137 [INFO] PluginManage:352 - Loaded plugin filemanager (category:base,tabindex:10)
2021-09-08 13:23:49,137 [INFO] PluginManage:302 - Check plugin ipmanager
2021-09-08 13:23:49,137 [INFO] PluginManage:352 - Loaded plugin ipmanager (category:base,tabindex:5)
2021-09-08 13:23:49,137 [INFO] PluginManage:302 - Check plugin pinoutandconfiguration
2021-09-08 13:23:49,154 [INFO] PluginManage:352 - Loaded plugin pinoutandconfiguration (category:base,tabindex:1)
2021-09-08 13:23:49,155 [INFO] PluginManage:302 - Check plugin pinoutconfig
2021-09-08 13:23:49,186 [INFO] PluginManage:352 - Loaded plugin pinoutconfig (category:base,tabindex:0)
2021-09-08 13:23:49,186 [INFO] PluginManage:302 - Check plugin power
2021-09-08 13:23:49,186 [INFO] PluginManage:352 - Loaded plugin power (category:power,tabindex:4)
2021-09-08 13:23:49,186 [INFO] PluginManage:302 - Check plugin projectmanager
2021-09-08 13:23:49,202 [INFO] PluginManage:352 - Loaded plugin projectmanager (category:projectmanager,tabindex:3)
2021-09-08 13:23:49,202 [INFO] PluginManage:302 - Check plugin thirdparty
2021-09-08 13:23:49,280 [INFO] PluginManage:352 - Loaded plugin thirdparty (category:base,tabindex:-1)
2021-09-08 13:23:49,295 [INFO] PluginManage:302 - Check plugin tools
2021-09-08 13:23:49,295 [WARN] IntegrityCheckThread:78 - waiting for thirdparty lock release [integrity check]
2021-09-08 13:23:49,295 [INFO] IntegrityCheckThread:80 - entering critical section [integrity check]
2021-09-08 13:23:49,295 [INFO] ThirdPartyUpdaterWithRetryManager:66 - Updater plugin not ready yet. [1/15]
2021-09-08 13:23:49,295 [INFO] PluginManage:352 - Loaded plugin tools (category:base,tabindex:7)
2021-09-08 13:23:49,295 [INFO] PluginManage:302 - Check plugin tutovideos
2021-09-08 13:23:49,436 [INFO] PluginManage:352 - Loaded plugin tutovideos (category:base,tabindex:-1)
2021-09-08 13:23:49,436 [INFO] PluginManage:302 - Check plugin updater
2021-09-08 13:23:49,436 [INFO] PluginManage:352 - Loaded plugin updater (category:base,tabindex:12)
2021-09-08 13:23:49,436 [INFO] PluginManage:275 - PluginManage : Loaded plugins [13]
2021-09-08 13:23:49,577 [INFO] PinOutPanel:1463 - setPackage(No Configuration,No Configuration)
2021-09-08 13:23:49,623 [INFO] IPUIPlugin:74 - create IPUIPlugin
2021-09-08 13:23:49,639 [INFO] PluginManager:213 - loadIPPluginJar : add adc
2021-09-08 13:23:49,639 [INFO] IPUIPlugin:74 - create IPUIPlugin
2021-09-08 13:23:49,639 [INFO] PluginManager:213 - loadIPPluginJar : add aes
2021-09-08 13:23:49,639 [INFO] IPUIPlugin:74 - create IPUIPlugin
2021-09-08 13:23:49,639 [INFO] PluginManager:213 - loadIPPluginJar : add can
2021-09-08 13:23:49,639 [INFO] IPUIPlugin:74 - create IPUIPlugin
2021-09-08 13:23:49,639 [INFO] PluginManager:213 - loadIPPluginJar : add comp
2021-09-08 13:23:49,639 [INFO] IPUIPlugin:74 - create IPUIPlugin
2021-09-08 13:23:49,639 [INFO] PluginManager:213 - loadIPPluginJar : add cryp
2021-09-08 13:23:49,639 [INFO] IPUIPlugin:74 - create IPUIPlugin
2021-09-08 13:23:49,639 [INFO] PluginManager:213 - loadIPPluginJar : add dfsdm
2021-09-08 13:23:49,639 [INFO] IPUIPlugin:74 - create IPUIPlugin
2021-09-08 13:23:49,639 [INFO] PluginManager:213 - loadIPPluginJar : add dma
2021-09-08 13:23:49,639 [INFO] IPUIPlugin:74 - create IPUIPlugin
2021-09-08 13:23:49,639 [INFO] PluginManager:213 - loadIPPluginJar : add dma3
2021-09-08 13:23:49,639 [INFO] IPUIPlugin:74 - create IPUIPlugin
2021-09-08 13:23:49,639 [INFO] PluginManager:213 - loadIPPluginJar : add fatfs
2021-09-08 13:23:49,655 [INFO] IPUIPlugin:74 - create IPUIPlugin
2021-09-08 13:23:49,655 [INFO] PluginManager:213 - loadIPPluginJar : add fmc
2021-09-08 13:23:49,655 [INFO] IPUIPlugin:74 - create IPUIPlugin
2021-09-08 13:23:49,655 [INFO] PluginManager:213 - loadIPPluginJar : add freertos
2021-09-08 13:23:49,655 [INFO] IPUIPlugin:74 - create IPUIPlugin
2021-09-08 13:23:49,655 [INFO] PluginManager:213 - loadIPPluginJar : add genericplugin
2021-09-08 13:23:49,655 [INFO] IPUIPlugin:74 - create IPUIPlugin
2021-09-08 13:23:49,655 [INFO] PluginManager:213 - loadIPPluginJar : add gfxmmu
2021-09-08 13:23:49,655 [INFO] IPUIPlugin:74 - create IPUIPlugin
2021-09-08 13:23:49,655 [INFO] PluginManager:213 - loadIPPluginJar : add gic
2021-09-08 13:23:49,655 [INFO] IPUIPlugin:74 - create IPUIPlugin
2021-09-08 13:23:49,655 [INFO] PluginManager:213 - loadIPPluginJar : add gpio
2021-09-08 13:23:49,670 [INFO] IPUIPlugin:74 - create IPUIPlugin
2021-09-08 13:23:49,670 [INFO] PluginManager:213 - loadIPPluginJar : add gtzc
2021-09-08 13:23:49,670 [INFO] IPUIPlugin:74 - create IPUIPlugin
2021-09-08 13:23:49,670 [INFO] PluginManager:213 - loadIPPluginJar : add hash
2021-09-08 13:23:49,670 [INFO] IPUIPlugin:74 - create IPUIPlugin
2021-09-08 13:23:49,670 [INFO] PluginManager:213 - loadIPPluginJar : add i2c
2021-09-08 13:23:49,670 [INFO] IPUIPlugin:74 - create IPUIPlugin
2021-09-08 13:23:49,670 [INFO] PluginManager:213 - loadIPPluginJar : add i2s
2021-09-08 13:23:49,670 [INFO] IPUIPlugin:74 - create IPUIPlugin
2021-09-08 13:23:49,670 [INFO] PluginManager:213 - loadIPPluginJar : add ipddr
2021-09-08 13:23:49,670 [INFO] IPUIPlugin:74 - create IPUIPlugin
2021-09-08 13:23:49,670 [INFO] PluginManager:213 - loadIPPluginJar : add linkedlist
2021-09-08 13:23:49,670 [INFO] IPUIPlugin:74 - create IPUIPlugin
2021-09-08 13:23:49,670 [INFO] PluginManager:213 - loadIPPluginJar : add lorawan
2021-09-08 13:23:49,670 [INFO] IPUIPlugin:74 - create IPUIPlugin
2021-09-08 13:23:49,670 [INFO] PluginManager:213 - loadIPPluginJar : add ltdc
2021-09-08 13:23:49,686 [INFO] IPUIPlugin:74 - create IPUIPlugin
2021-09-08 13:23:49,686 [INFO] PluginManager:213 - loadIPPluginJar : add mdma
2021-09-08 13:23:49,686 [INFO] IPUIPlugin:74 - create IPUIPlugin
2021-09-08 13:23:49,686 [INFO] PluginManager:213 - loadIPPluginJar : add nvic
2021-09-08 13:23:49,686 [INFO] IPUIPlugin:74 - create IPUIPlugin
2021-09-08 13:23:49,686 [INFO] PluginManager:213 - loadIPPluginJar : add opamp
2021-09-08 13:23:49,686 [INFO] IPUIPlugin:74 - create IPUIPlugin
2021-09-08 13:23:49,686 [INFO] PluginManager:213 - loadIPPluginJar : add openamp
2021-09-08 13:23:49,686 [INFO] IPUIPlugin:74 - create IPUIPlugin
2021-09-08 13:23:49,686 [INFO] PluginManager:213 - loadIPPluginJar : add pdm2pcm
2021-09-08 13:23:49,686 [INFO] IPUIPlugin:74 - create IPUIPlugin
2021-09-08 13:23:49,701 [INFO] PluginManager:213 - loadIPPluginJar : add plateformsettings
2021-09-08 13:23:49,701 [INFO] IPUIPlugin:74 - create IPUIPlugin
2021-09-08 13:23:49,701 [INFO] PluginManager:213 - loadIPPluginJar : add quadspi
2021-09-08 13:23:49,701 [INFO] IPUIPlugin:74 - create IPUIPlugin
2021-09-08 13:23:49,701 [INFO] PluginManager:213 - loadIPPluginJar : add resmgrutility
2021-09-08 13:23:49,701 [INFO] IPUIPlugin:74 - create IPUIPlugin
2021-09-08 13:23:49,701 [INFO] PluginManager:213 - loadIPPluginJar : add sai
2021-09-08 13:23:49,701 [INFO] IPUIPlugin:74 - create IPUIPlugin
2021-09-08 13:23:49,701 [INFO] PluginManager:213 - loadIPPluginJar : add spi
2021-09-08 13:23:49,701 [INFO] IPUIPlugin:74 - create IPUIPlugin
2021-09-08 13:23:49,701 [INFO] PluginManager:213 - loadIPPluginJar : add stm32_wpan
2021-09-08 13:23:49,701 [INFO] IPUIPlugin:74 - create IPUIPlugin
2021-09-08 13:23:49,701 [INFO] PluginManager:213 - loadIPPluginJar : add tim
2021-09-08 13:23:49,701 [INFO] IPUIPlugin:74 - create IPUIPlugin
2021-09-08 13:23:49,701 [INFO] PluginManager:213 - loadIPPluginJar : add touchsensing
2021-09-08 13:23:49,701 [INFO] IPUIPlugin:74 - create IPUIPlugin
2021-09-08 13:23:49,701 [INFO] PluginManager:213 - loadIPPluginJar : add tracer_emb
2021-09-08 13:23:49,717 [INFO] IPUIPlugin:74 - create IPUIPlugin
2021-09-08 13:23:49,717 [INFO] PluginManager:213 - loadIPPluginJar : add ts
2021-09-08 13:23:49,717 [INFO] IPUIPlugin:74 - create IPUIPlugin
2021-09-08 13:23:49,717 [INFO] PluginManager:213 - loadIPPluginJar : add tsc
2021-09-08 13:23:49,717 [INFO] IPUIPlugin:74 - create IPUIPlugin
2021-09-08 13:23:49,717 [INFO] PluginManager:213 - loadIPPluginJar : add ucpd
2021-09-08 13:23:49,717 [INFO] IPUIPlugin:74 - create IPUIPlugin
2021-09-08 13:23:49,717 [INFO] PluginManager:213 - loadIPPluginJar : add usart
2021-09-08 13:23:49,717 [INFO] IPUIPlugin:74 - create IPUIPlugin
2021-09-08 13:23:49,717 [INFO] PluginManager:213 - loadIPPluginJar : add usbx
2021-09-08 13:23:49,960 [FATAL] Updater:294 - Updater called before beeing initialized
2021-09-08 13:23:50,022 [FATAL] Updater:294 - Updater called before beeing initialized
2021-09-08 13:23:50,038 [INFO] DbMcusAds:47 - JSON generation date=Wed Aug 18 11:24:26 BRT 2021 (1629296666117)
2021-09-08 13:23:50,038 [FATAL] Updater:294 - Updater called before beeing initialized
2021-09-08 13:23:50,053 [WARN] DetailPanel:314 - Failed to get advertising image, set to default
2021-09-08 13:23:50,147 [FATAL] Updater:294 - Updater called before beeing initialized
2021-09-08 13:23:50,147 [FATAL] Updater:294 - Updater called before beeing initialized
2021-09-08 13:23:50,147 [FATAL] Updater:294 - Updater called before beeing initialized
2021-09-08 13:23:50,147 [WARN] DetailPanel:314 - Failed to get advertising image, set to default
2021-09-08 13:23:50,147 [FATAL] Updater:294 - Updater called before beeing initialized
2021-09-08 13:23:50,194 [ERROR] Updater:1075 - MainUpdater not yet initialized. External WinMGr cannot be set.
2021-09-08 13:23:50,194 [INFO] Updater:1012 - Updater Version found : 6.3.0
2021-09-08 13:23:50,210 [INFO] ApplicationProperties:181 - Using Application install path: C:\ST\STM32CubeIDE_1.7.0\STM32CubeIDE\plugins\com.st.stm32cube.common.mx_6.3.0.202107141111
2021-09-08 13:23:50,460 [INFO] MainUpdater:2671 - connection check result : 10
2021-09-08 13:23:50,460 [INFO] MainUpdater:265 - Updater Check For Update Now.
2021-09-08 13:23:50,460 [INFO] MicroXplorer:478 - Change Database Version : DB.6.0.30
2021-09-08 13:23:50,600 [INFO] CheckServerUpdateThread:112 - End of CheckServer Thread
2021-09-08 13:23:50,694 [INFO] MainUpdater:2671 - connection check result : 10
2021-09-08 13:23:50,865 [INFO] McuFinderGlobals:52 - Set McuFinderConnectedMode to false
2021-09-08 13:23:50,943 [INFO] CrossSelectorPresenter:1330 - Cross Selector saved comparison directory: C:\Users\jose.adriano\.stmcufinder\plugins\mcufinder\mcu\cs_comparisons_mx
2021-09-08 13:23:50,943 [INFO] MultiScanPanel:197 - Auto-refresh data requested => check proxy status ongoing
2021-09-08 13:23:50,943 [INFO] MultiScanPanel:201 - Proxy status is invalid
2021-09-08 13:23:50,959 [INFO] FinderPluginLoader:87 - Searching for filters in installed packs
2021-09-08 13:23:50,959 [INFO] DbMcusXml:100 - Load MCU database from C:\ST\STM32CubeIDE_1.7.0\STM32CubeIDE\plugins\com.st.stm32cube.common.mx_6.3.0.202107141111\\db\/mcu/families.xml
2021-09-08 13:23:51,756 [INFO] DbMcusJson:93 - JSON generation date=Mon Jun 07 05:53:21 BRT 2021 (1623056001)
2021-09-08 13:23:52,303 [INFO] DbMcus:175 - Found 1951 MCUs (1903 are supported by CubeMX, 1903 are visible in CubeMX)
2021-09-08 13:23:52,303 [INFO] ApiDb:251 - Load user favorites file C:\Users\jose.adriano/.stm32cubeide/favorites.mcus.txt: 0 item(s)
2021-09-08 13:23:52,303 [INFO] ApiDb:255 - User favorites MCUs=[]
2021-09-08 13:23:52,303 [INFO] DbMcus:187 - Set 0 / 0 favorites MCUs
2021-09-08 13:23:52,396 [WARN] PackLoader:238 - Cannot read IP mode file for RoweBots.I-CUBE-UNISONRTOS.5.5.0-4
2021-09-08 13:23:52,459 [WARN] PackLoader:238 - Cannot read IP mode file for STMicroelectronics.X-CUBE-MEMS1.9.0.0
2021-09-08 13:23:52,631 [WARN] PackLoader:238 - Cannot read IP mode file for SEGGER.I-CUBE-embOS.1.2.0
2021-09-08 13:23:52,677 [WARN] PackLoader:238 - Cannot read IP mode file for STMicroelectronics.X-CUBE-BLE1.6.2.1
2021-09-08 13:23:52,693 [WARN] PackLoader:238 - Cannot read IP mode file for STMicroelectronics.X-CUBE-BLE2.3.2.1
2021-09-08 13:23:52,693 [WARN] PackLoader:238 - Cannot read IP mode file for STMicroelectronics.X-CUBE-NFC4.2.0.3
2021-09-08 13:23:52,693 [WARN] PackLoader:238 - Cannot read IP mode file for wolfSSL.I-CUBE-wolfSSL.4.8.0
2021-09-08 13:23:52,709 [WARN] PackLoader:238 - Cannot read IP mode file for STMicroelectronics.X-CUBE-TOUCHGFX.4.17.0
2021-09-08 13:23:52,709 [WARN] PackLoader:238 - Cannot read IP mode file for STMicroelectronics.X-CUBE-SFXS2LP1.3.1.0
2021-09-08 13:23:52,724 [WARN] PackLoader:238 - Cannot read IP mode file for STMicroelectronics.X-CUBE-AZRTOS-F4.1.0.0
2021-09-08 13:23:52,740 [WARN] PackLoader:238 - Cannot read IP mode file for STMicroelectronics.X-CUBE-AZRTOS-H7.2.0.0
2021-09-08 13:23:52,756 [INFO] DetailPanel:309 - Set advertising image to C:/Users/jose.adriano/STM32Cube/Repository/\en.prom_STM32U5_PSA-SESIP_LV3_0821.png
2021-09-08 13:23:52,756 [WARN] PackLoader:238 - Cannot read IP mode file for STMicroelectronics.X-CUBE-TOF1.2.0.0
2021-09-08 13:23:52,771 [WARN] PackLoader:238 - Cannot read IP mode file for STMicroelectronics.X-CUBE-SUBG2.4.2.0
2021-09-08 13:23:52,771 [WARN] PackLoader:238 - Cannot read IP mode file for STMicroelectronics.X-CUBE-ALS.1.0.1
2021-09-08 13:23:52,787 [WARN] PackLoader:238 - Cannot read IP mode file for STMicroelectronics.X-CUBE-AI.7.0.0
2021-09-08 13:23:52,834 [WARN] PackLoader:238 - Cannot read IP mode file for STMicroelectronics.X-CUBE-ALGOBUILD.1.2.1
2021-09-08 13:23:52,834 [WARN] PackLoader:238 - Cannot read IP mode file for STMicroelectronics.X-CUBE-DISPLAY.1.0.0
2021-09-08 13:23:52,849 [WARN] PackLoader:238 - Cannot read IP mode file for STMicroelectronics.X-CUBE-EEPRMA1.3.1.0
2021-09-08 13:23:52,849 [WARN] PackLoader:238 - Cannot read IP mode file for STMicroelectronics.X-CUBE-GNSS1.5.2.0
2021-09-08 13:23:52,849 [INFO] ThirdParty:915 - Integrity check success = true
2021-09-08 13:23:52,849 [INFO] IntegrityCheckThread:94 - exiting critical section [integrity check]
2021-09-08 13:23:52,849 [INFO] IntegrityCheckThread:97 - End integrity checks thread
2021-09-08 13:23:53,146 [INFO] DbBoardsPdsc:90 - Found 25 items
2021-09-08 13:23:53,146 [INFO] DbBoardsPdsc:90 - Found 9 items
2021-09-08 13:23:53,146 [INFO] DbBoardsPdsc:90 - Found 33 items
2021-09-08 13:23:53,146 [INFO] DbBoardsPdsc:90 - Found 1 items
2021-09-08 13:23:53,146 [INFO] DbBoardsPdsc:90 - Found 48 items
2021-09-08 13:23:53,162 [INFO] DbBoardsPdsc:90 - Found 43 items
2021-09-08 13:23:53,163 [INFO] DbBoardsPdsc:90 - Found 2 items
2021-09-08 13:23:53,163 [INFO] DbBoardsPdsc:90 - Found 5 items
2021-09-08 13:23:53,163 [WARN] DbBoardsPdsc:254 - Board STM32H7B3I-DK: unknown feature type=Audio, name=, username=Audio stereo codec with Headphone Amp (CS42L51-CNZ), n=1
2021-09-08 13:23:53,163 [WARN] DbBoardsPdsc:254 - Board STM32H735G-DK: unknown feature type=Audio, name=, username=Audio stereo codec with Headphone Amp (WM8994ECS/R), n=1
2021-09-08 13:23:53,179 [WARN] DbBoardsPdsc:254 - Board STM32H7B3I-EVAL: unknown feature type=Audio, name=, username=Multi-Channel Audio Codec (CS42L51-CNZ), n=1
2021-09-08 13:23:53,179 [WARN] DbBoardsPdsc:254 - Board STM32H7B3I-EVAL: unknown feature type=Meter, name=, username=Power-metering and Temperature-monitoring with sigma-delta modulators, n=1
2021-09-08 13:23:53,179 [WARN] DbBoardsPdsc:254 - Board STM32H7B3I-EVAL: unknown feature type=Motor, name=, username=Motor Control, n=1
2021-09-08 13:23:53,179 [WARN] DbBoardsPdsc:254 - Board STM32U575I-EV: unknown feature type=joystick, name=, username=4-direction joystick with selection button, n=1
2021-09-08 13:23:53,179 [INFO] DbBoardsJson:86 - JSON generation date=Tue Jun 01 02:52:40 BRT 2021 (1622526760)
2021-09-08 13:23:53,194 [INFO] DbBoards:117 - Found 166 boards (163 are supported by CubeMX)
2021-09-08 13:23:53,194 [INFO] DbBoardsDocs:143 - JSON generation date=Tue Jun 01 02:52:40 BRT 2021 (1622526760)
2021-09-08 13:23:53,210 [INFO] DbBoardsDocs:79 - Found 193 boards documents
2021-09-08 13:23:53,210 [WARN] DbBoards:127 - board B-L462E-CELL1 has no document id list !
2021-09-08 13:23:53,210 [WARN] DbBoards:127 - board B-L475E-IOT01A2 has no document id list !
2021-09-08 13:23:53,210 [WARN] DbBoards:127 - board B-U585I-IOT02A has no document id list !
2021-09-08 13:23:53,210 [WARN] DbBoards:127 - board NUCLEO-G0B1RE has no document id list !
2021-09-08 13:23:53,210 [WARN] DbBoards:127 - board NUCLEO-H743ZI has no document id list !
2021-09-08 13:23:53,210 [WARN] DbBoards:127 - board NUCLEO-L4A6ZG has no document id list !
2021-09-08 13:23:53,210 [WARN] DbBoards:127 - board NUCLEO-U575ZI-Q has no document id list !
2021-09-08 13:23:53,210 [WARN] DbBoards:127 - board NUCLEO-WB15CC has no document id list !
2021-09-08 13:23:53,210 [WARN] DbBoards:127 - board NUCLEO-WB55RG has no document id list !
2021-09-08 13:23:53,210 [WARN] DbBoards:127 - board NUCLEO-WL55JC2 has no document id list !
2021-09-08 13:23:53,210 [WARN] DbBoards:127 - board P-NUCLEO-WB55-Nucleo has no document id list !
2021-09-08 13:23:53,210 [WARN] DbBoards:127 - board P-NUCLEO-WB55-USBDongle has no document id list !
2021-09-08 13:23:53,210 [WARN] DbBoards:127 - board STEVAL-BFA001V1B has no document id list !
2021-09-08 13:23:53,210 [WARN] DbBoards:127 - board STEVAL-BFA001V2B has no document id list !
2021-09-08 13:23:53,210 [WARN] DbBoards:127 - board STEVAL-IDP005V1 has no document id list !
2021-09-08 13:23:53,210 [WARN] DbBoards:127 - board STEVAL-IDP005V2 has no document id list !
2021-09-08 13:23:53,210 [WARN] DbBoards:127 - board STEVAL-MKSBOX1V1 has no document id list !
2021-09-08 13:23:53,210 [WARN] DbBoards:127 - board STEVAL-STWINKT1 has no document id list !
2021-09-08 13:23:53,210 [WARN] DbBoards:127 - board STEVAL-STWINKT1B has no document id list !
2021-09-08 13:23:53,210 [WARN] DbBoards:127 - board STM32F401C-DISCO has no document id list !
2021-09-08 13:23:53,210 [WARN] DbBoards:127 - board STM32F769I-DISC1 has no document id list !
2021-09-08 13:23:53,210 [WARN] DbBoards:127 - board STM32G0C1E-EV has no document id list !
2021-09-08 13:23:53,210 [WARN] DbBoards:127 - board STM32G474E-EVAL1 has no document id list !
2021-09-08 13:23:53,210 [WARN] DbBoards:127 - board STM32H743I-EVAL2 has no document id list !
2021-09-08 13:23:53,210 [WARN] DbBoards:127 - board STM32H747I-DISC1 has no document id list !
2021-09-08 13:23:53,210 [WARN] DbBoards:127 - board STM32H753I-EVAL2 has no document id list !
2021-09-08 13:23:53,210 [WARN] DbBoards:127 - board STM32L-DISCOVERY has no document id list !
2021-09-08 13:23:53,210 [WARN] DbBoards:127 - board STM32MP157A-DK1 has no document id list !
2021-09-08 13:23:53,210 [WARN] DbBoards:127 - board STM32MP157D-DK1 has no document id list !
2021-09-08 13:23:53,210 [WARN] DbBoards:127 - board STM32MP157D-EV1 has no document id list !
2021-09-08 13:23:53,210 [WARN] DbBoards:127 - board STM32MP157F-DK2 has no document id list !
2021-09-08 13:23:53,210 [WARN] DbBoards:127 - board STM32MP157F-EV1 has no document id list !
2021-09-08 13:23:53,210 [WARN] DbBoards:127 - board STM32U575I-EV has no document id list !
2021-09-08 13:23:53,210 [WARN] DbBoards:127 - board STM32WB5MM-DK has no document id list !
2021-09-08 13:23:54,452 [INFO] ApiDb:251 - Load user favorites file C:\Users\jose.adriano/.stm32cubeide/favorites.boards.txt: 1 item(s)
2021-09-08 13:23:54,452 [INFO] ApiDb:255 - User favorites Boards=[NUCLEO-F103RB]
2021-09-08 13:23:54,452 [INFO] DbBoards:206 - Set 1 / 1 favorites Boards
2021-09-08 13:24:01,953 [INFO] MultiScanPanel:197 - Auto-refresh data requested => check proxy status ongoing
2021-09-08 13:24:01,953 [INFO] MultiScanPanel:201 - Proxy status is invalid
2021-09-08 13:24:02,000 [INFO] DetailPanel:309 - Set advertising image to C:/Users/jose.adriano/STM32Cube/Repository/\en.prom_STM32U5_PSA-SESIP_LV3_0821.png
2021-09-08 13:29:52,270 [INFO] McuFinderGlobals:52 - Set McuFinderConnectedMode to true
2021-09-08 13:29:52,770 [INFO] ApiDb:276 - Save user favorites file C:\Users\jose.adriano/.stm32cubeide/favorites.mcus.txt: 0 item(s)
2021-09-08 13:29:52,770 [INFO] ApiDb:280 - User favorites MCUs=[]
2021-09-08 13:29:52,770 [INFO] ApiDb:276 - Save user favorites file C:\Users\jose.adriano/.stm32cubeide/favorites.boards.txt: 1 item(s)
2021-09-08 13:29:52,770 [INFO] ApiDb:280 - User favorites Boards=[NUCLEO-F103RB]
