2021-09-08 09:35:02,215 [INFO] Activator:177 - 


2021-09-08 09:35:02,217 [INFO] Activator:178 - !SESSION log4j initialized
2021-09-08 09:35:23,287 [INFO] McuFinderGlobals:39 - Set McuFinder mode to 2 (CubeIDE integrated)
2021-09-08 09:35:23,667 [INFO] ApplicationProperties:181 - Using Application install path: C:\ST\STM32CubeIDE_1.7.0\STM32CubeIDE\plugins\com.st.stm32cube.common.mx_6.3.0.202107141111
2021-09-08 09:35:23,686 [INFO] DbMcusXml:74 - Set database path to: C:\ST\STM32CubeIDE_1.7.0\STM32CubeIDE\plugins\com.st.stm32cube.common.mx_6.3.0.202107141111\\db\/mcu/
2021-09-08 09:35:23,692 [INFO] DbBoardsPdsc:56 - Set plugin database path to: C:\ST\STM32CubeIDE_1.7.0\STM32CubeIDE\plugins\com.st.stm32cube.common.mx_6.3.0.202107141111\\db\/plugins/boardmanager/
2021-09-08 09:35:23,693 [INFO] DbMcus:258 - Set plugin images path to: C:\ST\STM32CubeIDE_1.7.0\STM32CubeIDE\plugins\com.st.stm32cube.common.mx_6.3.0.202107141111\\db\/plugins/mcufinder/images/
2021-09-08 09:35:23,693 [INFO] DbBoards:264 - Set plugin images path to: C:\ST\STM32CubeIDE_1.7.0\STM32CubeIDE\plugins\com.st.stm32cube.common.mx_6.3.0.202107141111\\db\/plugins/mcufinder/images/
2021-09-08 09:35:23,696 [INFO] DbExamples:333 - Set plugin images path to: C:\ST\STM32CubeIDE_1.7.0\STM32CubeIDE\plugins\com.st.stm32cube.common.mx_6.3.0.202107141111\\db\/plugins/mcufinder/images/
2021-09-08 09:35:23,703 [INFO] DbMcusAds:119 - Set database path to: C:\Users\jose.adriano\.stmcufinder\plugins\mcufinder//mcu/
2021-09-08 09:35:23,705 [INFO] DbMcusDocs:110 - Set database path to: C:\Users\jose.adriano\.stmcufinder\plugins\mcufinder//mcu/
2021-09-08 09:35:23,708 [INFO] DbMcusJson:64 - Set database path to: C:\Users\jose.adriano\.stmcufinder\plugins\mcufinder//mcu/
2021-09-08 09:35:23,709 [INFO] DbBoardsDocs:110 - Set database path to: C:\Users\jose.adriano\.stmcufinder\plugins\mcufinder//mcu/
2021-09-08 09:35:23,710 [INFO] DbBoardsJson:57 - Set database path to: C:\Users\jose.adriano\.stmcufinder\plugins\mcufinder//mcu/
2021-09-08 09:35:23,768 [INFO] CrossReferenceDbSqlite:196 - Set database path to: C:\Users\jose.adriano\.stmcufinder\plugins\mcufinder//mcu/cs/
2021-09-08 09:35:23,772 [INFO] DbExamplesSqlite:767 - Set database path to: C:\Users\jose.adriano\.stmcufinder\plugins\mcufinder//mcu/
2021-09-08 09:35:23,867 [INFO] RulesReader:57 - Compatibility file has been processed (242 Rules)
2021-09-08 09:35:23,978 [INFO] DbMcusXml:74 - Set database path to: C:\ST\STM32CubeIDE_1.7.0\STM32CubeIDE\plugins\com.st.stm32cube.common.mx_6.3.0.202107141111\\db\/mcu/
2021-09-08 09:35:23,978 [INFO] DbBoardsPdsc:56 - Set plugin database path to: C:\ST\STM32CubeIDE_1.7.0\STM32CubeIDE\plugins\com.st.stm32cube.common.mx_6.3.0.202107141111\\db\/plugins/boardmanager/
2021-09-08 09:35:23,979 [INFO] DbMcus:258 - Set plugin images path to: C:\ST\STM32CubeIDE_1.7.0\STM32CubeIDE\plugins\com.st.stm32cube.common.mx_6.3.0.202107141111\\db\/plugins/mcufinder/images/
2021-09-08 09:35:23,979 [INFO] DbBoards:264 - Set plugin images path to: C:\ST\STM32CubeIDE_1.7.0\STM32CubeIDE\plugins\com.st.stm32cube.common.mx_6.3.0.202107141111\\db\/plugins/mcufinder/images/
2021-09-08 09:35:23,979 [INFO] DbExamples:333 - Set plugin images path to: C:\ST\STM32CubeIDE_1.7.0\STM32CubeIDE\plugins\com.st.stm32cube.common.mx_6.3.0.202107141111\\db\/plugins/mcufinder/images/
2021-09-08 09:35:23,979 [WARN] DbFile:35 - Overriding database path with different value: C:\Users\jose.adriano\.stmcufinder\plugins\mcufinder/ => C:\Users\jose.adriano\.stmcufinder\plugins\mcufinder
2021-09-08 09:35:23,979 [INFO] DbMcusAds:119 - Set database path to: C:\Users\jose.adriano\.stmcufinder\plugins\mcufinder//mcu/
2021-09-08 09:35:23,979 [WARN] DbFile:35 - Overriding database path with different value: C:\Users\jose.adriano\.stmcufinder\plugins\mcufinder/ => C:\Users\jose.adriano\.stmcufinder\plugins\mcufinder
2021-09-08 09:35:23,979 [INFO] DbMcusDocs:110 - Set database path to: C:\Users\jose.adriano\.stmcufinder\plugins\mcufinder//mcu/
2021-09-08 09:35:23,979 [WARN] DbFile:35 - Overriding database path with different value: C:\Users\jose.adriano\.stmcufinder\plugins\mcufinder/ => C:\Users\jose.adriano\.stmcufinder\plugins\mcufinder
2021-09-08 09:35:23,979 [INFO] DbMcusJson:64 - Set database path to: C:\Users\jose.adriano\.stmcufinder\plugins\mcufinder//mcu/
2021-09-08 09:35:23,979 [WARN] DbFile:35 - Overriding database path with different value: C:\Users\jose.adriano\.stmcufinder\plugins\mcufinder/ => C:\Users\jose.adriano\.stmcufinder\plugins\mcufinder
2021-09-08 09:35:23,980 [INFO] DbBoardsDocs:110 - Set database path to: C:\Users\jose.adriano\.stmcufinder\plugins\mcufinder//mcu/
2021-09-08 09:35:23,980 [WARN] DbFile:35 - Overriding database path with different value: C:\Users\jose.adriano\.stmcufinder\plugins\mcufinder/ => C:\Users\jose.adriano\.stmcufinder\plugins\mcufinder
2021-09-08 09:35:23,980 [INFO] DbBoardsJson:57 - Set database path to: C:\Users\jose.adriano\.stmcufinder\plugins\mcufinder//mcu/
2021-09-08 09:35:23,980 [WARN] DbFile:35 - Overriding database path with different value: C:\Users\jose.adriano\.stmcufinder\plugins\mcufinder/ => C:\Users\jose.adriano\.stmcufinder\plugins\mcufinder
2021-09-08 09:35:23,980 [WARN] DbFile:35 - Overriding database path with different value: C:\Users\jose.adriano\.stmcufinder\plugins\mcufinder/ => C:\Users\jose.adriano\.stmcufinder\plugins\mcufinder
2021-09-08 09:35:23,980 [INFO] CrossReferenceDbSqlite:196 - Set database path to: C:\Users\jose.adriano\.stmcufinder\plugins\mcufinder//mcu/cs/
2021-09-08 09:35:23,980 [WARN] DbFile:35 - Overriding database path with different value: C:\Users\jose.adriano\.stmcufinder\plugins\mcufinder/ => C:\Users\jose.adriano\.stmcufinder\plugins\mcufinder
2021-09-08 09:35:23,980 [INFO] DbExamplesSqlite:767 - Set database path to: C:\Users\jose.adriano\.stmcufinder\plugins\mcufinder//mcu/
2021-09-08 09:35:24,040 [INFO] MainPanel:214 - HeapMemory: 268435456
2021-09-08 09:35:24,119 [INFO] DbMcusXml:74 - Set database path to: C:\ST\STM32CubeIDE_1.7.0\STM32CubeIDE\plugins\com.st.stm32cube.common.mx_6.3.0.202107141111\\db\/mcu/
2021-09-08 09:35:24,119 [INFO] DbBoardsPdsc:56 - Set plugin database path to: C:\ST\STM32CubeIDE_1.7.0\STM32CubeIDE\plugins\com.st.stm32cube.common.mx_6.3.0.202107141111\\db\/plugins/boardmanager/
2021-09-08 09:35:24,119 [INFO] DbMcus:258 - Set plugin images path to: C:\ST\STM32CubeIDE_1.7.0\STM32CubeIDE\plugins\com.st.stm32cube.common.mx_6.3.0.202107141111\\db\/plugins/mcufinder/images/
2021-09-08 09:35:24,120 [INFO] DbBoards:264 - Set plugin images path to: C:\ST\STM32CubeIDE_1.7.0\STM32CubeIDE\plugins\com.st.stm32cube.common.mx_6.3.0.202107141111\\db\/plugins/mcufinder/images/
2021-09-08 09:35:24,120 [INFO] DbExamples:333 - Set plugin images path to: C:\ST\STM32CubeIDE_1.7.0\STM32CubeIDE\plugins\com.st.stm32cube.common.mx_6.3.0.202107141111\\db\/plugins/mcufinder/images/
2021-09-08 09:35:24,120 [WARN] DbFile:35 - Overriding database path with different value: C:\Users\jose.adriano\.stmcufinder\plugins\mcufinder/ => C:\Users\jose.adriano\.stmcufinder\plugins\mcufinder
2021-09-08 09:35:24,120 [INFO] DbMcusAds:119 - Set database path to: C:\Users\jose.adriano\.stmcufinder\plugins\mcufinder//mcu/
2021-09-08 09:35:24,120 [WARN] DbFile:35 - Overriding database path with different value: C:\Users\jose.adriano\.stmcufinder\plugins\mcufinder/ => C:\Users\jose.adriano\.stmcufinder\plugins\mcufinder
2021-09-08 09:35:24,120 [INFO] DbMcusDocs:110 - Set database path to: C:\Users\jose.adriano\.stmcufinder\plugins\mcufinder//mcu/
2021-09-08 09:35:24,120 [WARN] DbFile:35 - Overriding database path with different value: C:\Users\jose.adriano\.stmcufinder\plugins\mcufinder/ => C:\Users\jose.adriano\.stmcufinder\plugins\mcufinder
2021-09-08 09:35:24,121 [INFO] DbMcusJson:64 - Set database path to: C:\Users\jose.adriano\.stmcufinder\plugins\mcufinder//mcu/
2021-09-08 09:35:24,121 [WARN] DbFile:35 - Overriding database path with different value: C:\Users\jose.adriano\.stmcufinder\plugins\mcufinder/ => C:\Users\jose.adriano\.stmcufinder\plugins\mcufinder
2021-09-08 09:35:24,121 [INFO] DbBoardsDocs:110 - Set database path to: C:\Users\jose.adriano\.stmcufinder\plugins\mcufinder//mcu/
2021-09-08 09:35:24,121 [WARN] DbFile:35 - Overriding database path with different value: C:\Users\jose.adriano\.stmcufinder\plugins\mcufinder/ => C:\Users\jose.adriano\.stmcufinder\plugins\mcufinder
2021-09-08 09:35:24,121 [INFO] DbBoardsJson:57 - Set database path to: C:\Users\jose.adriano\.stmcufinder\plugins\mcufinder//mcu/
2021-09-08 09:35:24,121 [WARN] DbFile:35 - Overriding database path with different value: C:\Users\jose.adriano\.stmcufinder\plugins\mcufinder/ => C:\Users\jose.adriano\.stmcufinder\plugins\mcufinder
2021-09-08 09:35:24,121 [WARN] DbFile:35 - Overriding database path with different value: C:\Users\jose.adriano\.stmcufinder\plugins\mcufinder/ => C:\Users\jose.adriano\.stmcufinder\plugins\mcufinder
2021-09-08 09:35:24,121 [INFO] CrossReferenceDbSqlite:196 - Set database path to: C:\Users\jose.adriano\.stmcufinder\plugins\mcufinder//mcu/cs/
2021-09-08 09:35:24,121 [WARN] DbFile:35 - Overriding database path with different value: C:\Users\jose.adriano\.stmcufinder\plugins\mcufinder/ => C:\Users\jose.adriano\.stmcufinder\plugins\mcufinder
2021-09-08 09:35:24,121 [INFO] DbExamplesSqlite:767 - Set database path to: C:\Users\jose.adriano\.stmcufinder\plugins\mcufinder//mcu/
2021-09-08 09:35:24,148 [INFO] ApplicationProperties:181 - Using Application install path: C:\ST\STM32CubeIDE_1.7.0\STM32CubeIDE\plugins\com.st.stm32cube.common.mx_6.3.0.202107141111
2021-09-08 09:35:24,149 [INFO] PluginManage:188 - Search for loadable plugins [exclusion list=, ]
2021-09-08 09:35:24,151 [INFO] PluginManage:302 - Check plugin analytics
2021-09-08 09:35:24,302 [INFO] AnalyticsPlugin:257 - Accepted Software Licenses: 
2021-09-08 09:35:24,302 [INFO] AnalyticsPlugin:259 - Accepted CMSIS Pack Licenses: 
2021-09-08 09:35:24,302 [INFO] AnalyticsPlugin:261 - Accepted Firmware Licenses: 
2021-09-08 09:35:24,303 [INFO] PluginManage:352 - Loaded plugin analytics (category:tool,tabindex:-1)
2021-09-08 09:35:24,303 [INFO] PluginManage:302 - Check plugin clock
2021-09-08 09:35:24,323 [INFO] PluginManage:352 - Loaded plugin clock (category:base,tabindex:2)
2021-09-08 09:35:24,323 [INFO] PluginManage:302 - Check plugin ddr
2021-09-08 09:35:24,326 [INFO] PluginManage:352 - Loaded plugin ddr (category:tool,tabindex:6)
2021-09-08 09:35:24,326 [INFO] PluginManage:302 - Check plugin filemanager
2021-09-08 09:35:24,431 [INFO] PluginManage:352 - Loaded plugin filemanager (category:base,tabindex:10)
2021-09-08 09:35:24,432 [INFO] PluginManage:302 - Check plugin ipmanager
2021-09-08 09:35:24,438 [INFO] PluginManage:352 - Loaded plugin ipmanager (category:base,tabindex:5)
2021-09-08 09:35:24,438 [INFO] PluginManage:302 - Check plugin pinoutandconfiguration
2021-09-08 09:35:24,455 [INFO] PluginManage:352 - Loaded plugin pinoutandconfiguration (category:base,tabindex:1)
2021-09-08 09:35:24,455 [INFO] PluginManage:302 - Check plugin pinoutconfig
2021-09-08 09:35:24,558 [INFO] PluginManage:352 - Loaded plugin pinoutconfig (category:base,tabindex:0)
2021-09-08 09:35:24,558 [INFO] PluginManage:302 - Check plugin power
2021-09-08 09:35:24,579 [INFO] PluginManage:352 - Loaded plugin power (category:power,tabindex:4)
2021-09-08 09:35:24,579 [INFO] PluginManage:302 - Check plugin projectmanager
2021-09-08 09:35:24,593 [INFO] PluginManage:352 - Loaded plugin projectmanager (category:projectmanager,tabindex:3)
2021-09-08 09:35:24,593 [INFO] PluginManage:302 - Check plugin thirdparty
2021-09-08 09:35:24,759 [WARN] IntegrityCheckThread:78 - waiting for thirdparty lock release [integrity check]
2021-09-08 09:35:24,759 [INFO] PluginManage:352 - Loaded plugin thirdparty (category:base,tabindex:-1)
2021-09-08 09:35:24,760 [INFO] IntegrityCheckThread:80 - entering critical section [integrity check]
2021-09-08 09:35:24,760 [INFO] PluginManage:302 - Check plugin tools
2021-09-08 09:35:24,760 [INFO] ThirdPartyUpdaterWithRetryManager:66 - Updater plugin not ready yet. [1/15]
2021-09-08 09:35:24,791 [INFO] PluginManage:352 - Loaded plugin tools (category:base,tabindex:7)
2021-09-08 09:35:24,792 [INFO] PluginManage:302 - Check plugin tutovideos
2021-09-08 09:35:25,077 [INFO] PluginManage:352 - Loaded plugin tutovideos (category:base,tabindex:-1)
2021-09-08 09:35:25,077 [INFO] PluginManage:302 - Check plugin updater
2021-09-08 09:35:25,090 [INFO] PluginManage:352 - Loaded plugin updater (category:base,tabindex:12)
2021-09-08 09:35:25,090 [INFO] PluginManage:275 - PluginManage : Loaded plugins [13]
2021-09-08 09:35:25,260 [INFO] PinOutPanel:1463 - setPackage(No Configuration,No Configuration)
2021-09-08 09:35:25,341 [INFO] IPUIPlugin:74 - create IPUIPlugin
2021-09-08 09:35:25,342 [INFO] PluginManager:213 - loadIPPluginJar : add adc
2021-09-08 09:35:25,365 [INFO] IPUIPlugin:74 - create IPUIPlugin
2021-09-08 09:35:25,365 [INFO] PluginManager:213 - loadIPPluginJar : add aes
2021-09-08 09:35:25,391 [INFO] IPUIPlugin:74 - create IPUIPlugin
2021-09-08 09:35:25,392 [INFO] PluginManager:213 - loadIPPluginJar : add can
2021-09-08 09:35:25,408 [INFO] IPUIPlugin:74 - create IPUIPlugin
2021-09-08 09:35:25,408 [INFO] PluginManager:213 - loadIPPluginJar : add comp
2021-09-08 09:35:25,427 [INFO] IPUIPlugin:74 - create IPUIPlugin
2021-09-08 09:35:25,428 [INFO] PluginManager:213 - loadIPPluginJar : add cryp
2021-09-08 09:35:25,447 [INFO] IPUIPlugin:74 - create IPUIPlugin
2021-09-08 09:35:25,448 [INFO] PluginManager:213 - loadIPPluginJar : add dfsdm
2021-09-08 09:35:25,459 [INFO] IPUIPlugin:74 - create IPUIPlugin
2021-09-08 09:35:25,459 [INFO] PluginManager:213 - loadIPPluginJar : add dma
2021-09-08 09:35:25,484 [INFO] IPUIPlugin:74 - create IPUIPlugin
2021-09-08 09:35:25,485 [INFO] PluginManager:213 - loadIPPluginJar : add dma3
2021-09-08 09:35:25,499 [INFO] IPUIPlugin:74 - create IPUIPlugin
2021-09-08 09:35:25,500 [INFO] PluginManager:213 - loadIPPluginJar : add fatfs
2021-09-08 09:35:25,532 [INFO] IPUIPlugin:74 - create IPUIPlugin
2021-09-08 09:35:25,532 [INFO] PluginManager:213 - loadIPPluginJar : add fmc
2021-09-08 09:35:25,545 [INFO] IPUIPlugin:74 - create IPUIPlugin
2021-09-08 09:35:25,546 [INFO] PluginManager:213 - loadIPPluginJar : add freertos
2021-09-08 09:35:25,560 [INFO] IPUIPlugin:74 - create IPUIPlugin
2021-09-08 09:35:25,561 [INFO] PluginManager:213 - loadIPPluginJar : add genericplugin
2021-09-08 09:35:25,608 [INFO] IPUIPlugin:74 - create IPUIPlugin
2021-09-08 09:35:25,608 [INFO] PluginManager:213 - loadIPPluginJar : add gfxmmu
2021-09-08 09:35:25,684 [INFO] IPUIPlugin:74 - create IPUIPlugin
2021-09-08 09:35:25,684 [INFO] PluginManager:213 - loadIPPluginJar : add gic
2021-09-08 09:35:25,695 [INFO] IPUIPlugin:74 - create IPUIPlugin
2021-09-08 09:35:25,696 [INFO] PluginManager:213 - loadIPPluginJar : add gpio
2021-09-08 09:35:25,748 [INFO] IPUIPlugin:74 - create IPUIPlugin
2021-09-08 09:35:25,749 [INFO] PluginManager:213 - loadIPPluginJar : add gtzc
2021-09-08 09:35:25,771 [INFO] IPUIPlugin:74 - create IPUIPlugin
2021-09-08 09:35:25,771 [INFO] PluginManager:213 - loadIPPluginJar : add hash
2021-09-08 09:35:25,807 [INFO] IPUIPlugin:74 - create IPUIPlugin
2021-09-08 09:35:25,807 [INFO] PluginManager:213 - loadIPPluginJar : add i2c
2021-09-08 09:35:25,836 [INFO] IPUIPlugin:74 - create IPUIPlugin
2021-09-08 09:35:25,837 [INFO] PluginManager:213 - loadIPPluginJar : add i2s
2021-09-08 09:35:25,845 [INFO] IPUIPlugin:74 - create IPUIPlugin
2021-09-08 09:35:25,846 [INFO] PluginManager:213 - loadIPPluginJar : add ipddr
2021-09-08 09:35:25,933 [INFO] IPUIPlugin:74 - create IPUIPlugin
2021-09-08 09:35:25,933 [INFO] PluginManager:213 - loadIPPluginJar : add linkedlist
2021-09-08 09:35:25,969 [INFO] IPUIPlugin:74 - create IPUIPlugin
2021-09-08 09:35:25,970 [INFO] PluginManager:213 - loadIPPluginJar : add lorawan
2021-09-08 09:35:26,009 [INFO] IPUIPlugin:74 - create IPUIPlugin
2021-09-08 09:35:26,009 [INFO] PluginManager:213 - loadIPPluginJar : add ltdc
2021-09-08 09:35:26,018 [INFO] IPUIPlugin:74 - create IPUIPlugin
2021-09-08 09:35:26,018 [INFO] PluginManager:213 - loadIPPluginJar : add mdma
2021-09-08 09:35:26,028 [INFO] IPUIPlugin:74 - create IPUIPlugin
2021-09-08 09:35:26,028 [INFO] PluginManager:213 - loadIPPluginJar : add nvic
2021-09-08 09:35:26,055 [INFO] IPUIPlugin:74 - create IPUIPlugin
2021-09-08 09:35:26,055 [INFO] PluginManager:213 - loadIPPluginJar : add opamp
2021-09-08 09:35:26,094 [INFO] IPUIPlugin:74 - create IPUIPlugin
2021-09-08 09:35:26,094 [INFO] PluginManager:213 - loadIPPluginJar : add openamp
2021-09-08 09:35:26,123 [INFO] IPUIPlugin:74 - create IPUIPlugin
2021-09-08 09:35:26,124 [INFO] PluginManager:213 - loadIPPluginJar : add pdm2pcm
2021-09-08 09:35:26,136 [INFO] IPUIPlugin:74 - create IPUIPlugin
2021-09-08 09:35:26,138 [INFO] PluginManager:213 - loadIPPluginJar : add plateformsettings
2021-09-08 09:35:26,157 [INFO] IPUIPlugin:74 - create IPUIPlugin
2021-09-08 09:35:26,157 [INFO] PluginManager:213 - loadIPPluginJar : add quadspi
2021-09-08 09:35:26,167 [INFO] IPUIPlugin:74 - create IPUIPlugin
2021-09-08 09:35:26,167 [INFO] PluginManager:213 - loadIPPluginJar : add resmgrutility
2021-09-08 09:35:26,206 [INFO] IPUIPlugin:74 - create IPUIPlugin
2021-09-08 09:35:26,206 [INFO] PluginManager:213 - loadIPPluginJar : add sai
2021-09-08 09:35:26,233 [INFO] IPUIPlugin:74 - create IPUIPlugin
2021-09-08 09:35:26,233 [INFO] PluginManager:213 - loadIPPluginJar : add spi
2021-09-08 09:35:26,274 [INFO] IPUIPlugin:74 - create IPUIPlugin
2021-09-08 09:35:26,274 [INFO] PluginManager:213 - loadIPPluginJar : add stm32_wpan
2021-09-08 09:35:26,292 [INFO] IPUIPlugin:74 - create IPUIPlugin
2021-09-08 09:35:26,292 [INFO] PluginManager:213 - loadIPPluginJar : add tim
2021-09-08 09:35:26,333 [INFO] IPUIPlugin:74 - create IPUIPlugin
2021-09-08 09:35:26,334 [INFO] PluginManager:213 - loadIPPluginJar : add touchsensing
2021-09-08 09:35:26,350 [INFO] IPUIPlugin:74 - create IPUIPlugin
2021-09-08 09:35:26,350 [INFO] PluginManager:213 - loadIPPluginJar : add tracer_emb
2021-09-08 09:35:26,368 [INFO] IPUIPlugin:74 - create IPUIPlugin
2021-09-08 09:35:26,368 [INFO] PluginManager:213 - loadIPPluginJar : add ts
2021-09-08 09:35:26,384 [INFO] IPUIPlugin:74 - create IPUIPlugin
2021-09-08 09:35:26,385 [INFO] PluginManager:213 - loadIPPluginJar : add tsc
2021-09-08 09:35:26,400 [INFO] IPUIPlugin:74 - create IPUIPlugin
2021-09-08 09:35:26,400 [INFO] PluginManager:213 - loadIPPluginJar : add ucpd
2021-09-08 09:35:26,428 [INFO] IPUIPlugin:74 - create IPUIPlugin
2021-09-08 09:35:26,429 [INFO] PluginManager:213 - loadIPPluginJar : add usart
2021-09-08 09:35:26,456 [INFO] IPUIPlugin:74 - create IPUIPlugin
2021-09-08 09:35:26,456 [INFO] PluginManager:213 - loadIPPluginJar : add usbx
2021-09-08 09:35:26,700 [FATAL] Updater:294 - Updater called before beeing initialized
2021-09-08 09:35:26,781 [FATAL] Updater:294 - Updater called before beeing initialized
2021-09-08 09:35:26,787 [INFO] DbMcusAds:47 - JSON generation date=Tue May 11 12:32:49 BRT 2021 (1620747169502)
2021-09-08 09:35:26,788 [FATAL] Updater:294 - Updater called before beeing initialized
2021-09-08 09:35:26,845 [WARN] DetailPanel:314 - Failed to get advertising image, set to default
2021-09-08 09:35:26,918 [FATAL] Updater:294 - Updater called before beeing initialized
2021-09-08 09:35:26,920 [FATAL] Updater:294 - Updater called before beeing initialized
2021-09-08 09:35:26,921 [FATAL] Updater:294 - Updater called before beeing initialized
2021-09-08 09:35:26,921 [WARN] DetailPanel:314 - Failed to get advertising image, set to default
2021-09-08 09:35:26,922 [FATAL] Updater:294 - Updater called before beeing initialized
2021-09-08 09:35:26,961 [ERROR] Updater:1075 - MainUpdater not yet initialized. External WinMGr cannot be set.
2021-09-08 09:35:26,976 [INFO] Updater:1012 - Updater Version found : 6.3.0
2021-09-08 09:35:27,000 [INFO] ApplicationProperties:181 - Using Application install path: C:\ST\STM32CubeIDE_1.7.0\STM32CubeIDE\plugins\com.st.stm32cube.common.mx_6.3.0.202107141111
2021-09-08 09:35:27,114 [INFO] MainUpdater:2671 - connection check result : 10
2021-09-08 09:35:27,116 [INFO] MainUpdater:265 - Updater Check For Update Now.
2021-09-08 09:35:27,117 [INFO] MicroXplorer:478 - Change Database Version : DB.6.0.30
2021-09-08 09:35:27,264 [INFO] CheckServerUpdateThread:112 - End of CheckServer Thread
2021-09-08 09:35:27,352 [INFO] MainUpdater:2671 - connection check result : 10
2021-09-08 09:35:27,375 [INFO] McuFinderGlobals:52 - Set McuFinderConnectedMode to true
2021-09-08 09:35:27,434 [INFO] ServerAccessManage:362 - Download File mcusAds.json._tmp_
2021-09-08 09:35:27,541 [INFO] LoadUrlFilesThread:145 - End of LoadUrlFiles Thread
2021-09-08 09:35:27,771 [WARN] MainUpdater:1122 - Updater busy. Cannot search thirdparties
2021-09-08 09:35:27,771 [INFO] ThirdPartyUpdaterWithRetryManager:92 - Updater plugin is busy. [1/15]
2021-09-08 09:35:28,277 [INFO] ServerAccessManage:362 - Download File mcusDocs.json._tmp_
2021-09-08 09:35:29,004 [INFO] LoadUrlFilesThread:145 - End of LoadUrlFiles Thread
2021-09-08 09:35:29,215 [INFO] ServerAccessManage:362 - Download File mcusFeaturesAndDescription.json._tmp_
2021-09-08 09:35:30,775 [WARN] MainUpdater:1122 - Updater busy. Cannot search thirdparties
2021-09-08 09:35:30,775 [INFO] ThirdPartyUpdaterWithRetryManager:92 - Updater plugin is busy. [2/15]
2021-09-08 09:35:30,844 [INFO] LoadUrlFilesThread:145 - End of LoadUrlFiles Thread
2021-09-08 09:35:31,074 [INFO] ServerAccessManage:362 - Download File boardsDocs.json._tmp_
2021-09-08 09:35:31,372 [INFO] LoadUrlFilesThread:145 - End of LoadUrlFiles Thread
2021-09-08 09:35:31,600 [INFO] ServerAccessManage:362 - Download File boards.json._tmp_
2021-09-08 09:35:31,923 [INFO] LoadUrlFilesThread:145 - End of LoadUrlFiles Thread
2021-09-08 09:35:32,303 [INFO] ServerAccessManage:362 - Download File cube-finder-db.zip
2021-09-08 09:35:33,783 [WARN] MainUpdater:1122 - Updater busy. Cannot search thirdparties
2021-09-08 09:35:33,783 [INFO] ThirdPartyUpdaterWithRetryManager:92 - Updater plugin is busy. [3/15]
2021-09-08 09:35:34,877 [INFO] FileExtend:235 - Unzip File : cube-finder-db.zip
2021-09-08 09:35:34,877 [INFO] FileExtend:250 - Standard Zip Deflate
2021-09-08 09:35:35,253 [INFO] LoadUrlFilesThread:145 - End of LoadUrlFiles Thread
2021-09-08 09:35:36,549 [INFO] ServerAccessManage:362 - Download File crdb.zip
2021-09-08 09:35:36,795 [WARN] MainUpdater:1122 - Updater busy. Cannot search thirdparties
2021-09-08 09:35:36,795 [INFO] ThirdPartyUpdaterWithRetryManager:92 - Updater plugin is busy. [4/15]
2021-09-08 09:35:38,076 [INFO] FileExtend:235 - Unzip File : crdb.zip
2021-09-08 09:35:38,076 [INFO] FileExtend:250 - Standard Zip Deflate
2021-09-08 09:35:38,213 [INFO] LoadUrlFilesThread:145 - End of LoadUrlFiles Thread
2021-09-08 09:35:38,585 [INFO] ServerAccessManage:362 - Download File tutoVideoDB.zip
2021-09-08 09:35:38,617 [INFO] FileExtend:235 - Unzip File : tutoVideoDB.zip
2021-09-08 09:35:38,618 [INFO] FileExtend:250 - Standard Zip Deflate
2021-09-08 09:35:38,835 [INFO] LoadUrlFilesThread:145 - End of LoadUrlFiles Thread
2021-09-08 09:35:38,836 [INFO] DbMcusAds:47 - JSON generation date=Wed Aug 18 11:24:26 BRT 2021 (1629296666117)
2021-09-08 09:35:38,847 [INFO] DbMcusDocs:143 - JSON generation date=Mon Jun 07 05:53:21 BRT 2021 (1623056001)
2021-09-08 09:35:38,848 [INFO] DbMcusXml:100 - Load MCU database from C:\ST\STM32CubeIDE_1.7.0\STM32CubeIDE\plugins\com.st.stm32cube.common.mx_6.3.0.202107141111\\db\/mcu/families.xml
2021-09-08 09:35:39,836 [INFO] DbMcusJson:93 - JSON generation date=Mon Jun 07 05:53:21 BRT 2021 (1623056001)
2021-09-08 09:35:40,375 [WARN] PackLoader:238 - Cannot read IP mode file for RoweBots.I-CUBE-UNISONRTOS.5.5.0-4
2021-09-08 09:35:40,432 [WARN] PackLoader:238 - Cannot read IP mode file for STMicroelectronics.X-CUBE-MEMS1.9.0.0
2021-09-08 09:35:40,523 [INFO] DbMcus:175 - Found 1951 MCUs (1903 are supported by CubeMX, 1903 are visible in CubeMX)
2021-09-08 09:35:40,523 [INFO] ApiDb:251 - Load user favorites file C:\Users\jose.adriano/.stm32cubeide/favorites.mcus.txt: 0 item(s)
2021-09-08 09:35:40,523 [INFO] ApiDb:255 - User favorites MCUs=[]
2021-09-08 09:35:40,523 [INFO] DbMcus:187 - Set 0 / 0 favorites MCUs
2021-09-08 09:35:40,647 [WARN] PackLoader:238 - Cannot read IP mode file for SEGGER.I-CUBE-embOS.1.2.0
2021-09-08 09:35:40,715 [WARN] PackLoader:238 - Cannot read IP mode file for STMicroelectronics.X-CUBE-BLE1.6.2.1
2021-09-08 09:35:40,724 [WARN] PackLoader:238 - Cannot read IP mode file for STMicroelectronics.X-CUBE-BLE2.3.2.1
2021-09-08 09:35:40,734 [WARN] PackLoader:238 - Cannot read IP mode file for STMicroelectronics.X-CUBE-NFC4.2.0.3
2021-09-08 09:35:40,743 [WARN] PackLoader:238 - Cannot read IP mode file for wolfSSL.I-CUBE-wolfSSL.4.8.0
2021-09-08 09:35:40,751 [WARN] PackLoader:238 - Cannot read IP mode file for STMicroelectronics.X-CUBE-TOUCHGFX.4.17.0
2021-09-08 09:35:40,761 [WARN] PackLoader:238 - Cannot read IP mode file for STMicroelectronics.X-CUBE-SFXS2LP1.3.1.0
2021-09-08 09:35:40,786 [WARN] PackLoader:238 - Cannot read IP mode file for STMicroelectronics.X-CUBE-AZRTOS-F4.1.0.0
2021-09-08 09:35:40,812 [WARN] PackLoader:238 - Cannot read IP mode file for STMicroelectronics.X-CUBE-AZRTOS-H7.2.0.0
2021-09-08 09:35:40,824 [WARN] PackLoader:238 - Cannot read IP mode file for STMicroelectronics.X-CUBE-TOF1.2.0.0
2021-09-08 09:35:40,838 [WARN] PackLoader:238 - Cannot read IP mode file for STMicroelectronics.X-CUBE-SUBG2.4.2.0
2021-09-08 09:35:40,849 [WARN] PackLoader:238 - Cannot read IP mode file for STMicroelectronics.X-CUBE-ALS.1.0.1
2021-09-08 09:35:40,855 [WARN] PackLoader:238 - Cannot read IP mode file for STMicroelectronics.X-CUBE-AI.7.0.0
2021-09-08 09:35:40,865 [WARN] PackLoader:238 - Cannot read IP mode file for STMicroelectronics.X-CUBE-ALGOBUILD.1.2.1
2021-09-08 09:35:40,872 [WARN] PackLoader:238 - Cannot read IP mode file for STMicroelectronics.X-CUBE-DISPLAY.1.0.0
2021-09-08 09:35:40,880 [WARN] PackLoader:238 - Cannot read IP mode file for STMicroelectronics.X-CUBE-EEPRMA1.3.1.0
2021-09-08 09:35:40,889 [WARN] PackLoader:238 - Cannot read IP mode file for STMicroelectronics.X-CUBE-GNSS1.5.2.0
2021-09-08 09:35:40,890 [INFO] ThirdParty:915 - Integrity check success = true
2021-09-08 09:35:40,890 [INFO] IntegrityCheckThread:94 - exiting critical section [integrity check]
2021-09-08 09:35:40,890 [INFO] IntegrityCheckThread:97 - End integrity checks thread
2021-09-08 09:35:41,013 [INFO] DbMcusDocs:79 - Found 669 MCUs documents
2021-09-08 09:35:41,015 [INFO] ApiDb:276 - Save user favorites file C:\Users\jose.adriano/.stm32cubeide/favorites.mcus.txt: 0 item(s)
2021-09-08 09:35:41,015 [INFO] ApiDb:280 - User favorites MCUs=[]
2021-09-08 09:35:41,015 [INFO] DbMcusXml:100 - Load MCU database from C:\ST\STM32CubeIDE_1.7.0\STM32CubeIDE\plugins\com.st.stm32cube.common.mx_6.3.0.202107141111\\db\/mcu/families.xml
2021-09-08 09:35:41,542 [INFO] DbMcusJson:93 - JSON generation date=Mon Jun 07 05:53:21 BRT 2021 (1623056001)
2021-09-08 09:35:41,929 [INFO] DbMcus:175 - Found 1951 MCUs (1903 are supported by CubeMX, 1903 are visible in CubeMX)
2021-09-08 09:35:41,929 [INFO] ApiDb:251 - Load user favorites file C:\Users\jose.adriano/.stm32cubeide/favorites.mcus.txt: 0 item(s)
2021-09-08 09:35:41,929 [INFO] ApiDb:255 - User favorites MCUs=[]
2021-09-08 09:35:41,929 [INFO] DbMcus:187 - Set 0 / 0 favorites MCUs
2021-09-08 09:35:41,961 [INFO] DbBoardsDocs:143 - JSON generation date=Tue Jun 01 02:52:40 BRT 2021 (1622526760)
2021-09-08 09:35:41,980 [INFO] DbBoardsPdsc:90 - Found 25 items
2021-09-08 09:35:41,991 [INFO] DbBoardsPdsc:90 - Found 9 items
2021-09-08 09:35:42,002 [INFO] DbBoardsPdsc:90 - Found 33 items
2021-09-08 09:35:42,008 [INFO] DbBoardsPdsc:90 - Found 1 items
2021-09-08 09:35:42,019 [INFO] DbBoardsPdsc:90 - Found 48 items
2021-09-08 09:35:42,040 [INFO] DbBoardsPdsc:90 - Found 43 items
2021-09-08 09:35:42,046 [INFO] DbBoardsPdsc:90 - Found 2 items
2021-09-08 09:35:42,053 [INFO] DbBoardsPdsc:90 - Found 5 items
2021-09-08 09:35:42,057 [WARN] DbBoardsPdsc:254 - Board STM32H7B3I-DK: unknown feature type=Audio, name=, username=Audio stereo codec with Headphone Amp (CS42L51-CNZ), n=1
2021-09-08 09:35:42,057 [WARN] DbBoardsPdsc:254 - Board STM32H735G-DK: unknown feature type=Audio, name=, username=Audio stereo codec with Headphone Amp (WM8994ECS/R), n=1
2021-09-08 09:35:42,058 [WARN] DbBoardsPdsc:254 - Board STM32H7B3I-EVAL: unknown feature type=Audio, name=, username=Multi-Channel Audio Codec (CS42L51-CNZ), n=1
2021-09-08 09:35:42,058 [WARN] DbBoardsPdsc:254 - Board STM32H7B3I-EVAL: unknown feature type=Meter, name=, username=Power-metering and Temperature-monitoring with sigma-delta modulators, n=1
2021-09-08 09:35:42,058 [WARN] DbBoardsPdsc:254 - Board STM32H7B3I-EVAL: unknown feature type=Motor, name=, username=Motor Control, n=1
2021-09-08 09:35:42,059 [WARN] DbBoardsPdsc:254 - Board STM32U575I-EV: unknown feature type=joystick, name=, username=4-direction joystick with selection button, n=1
2021-09-08 09:35:42,070 [INFO] DbBoardsJson:86 - JSON generation date=Tue Jun 01 02:52:40 BRT 2021 (1622526760)
2021-09-08 09:35:42,075 [INFO] DbBoards:117 - Found 166 boards (163 are supported by CubeMX)
2021-09-08 09:35:42,083 [INFO] DbBoardsDocs:143 - JSON generation date=Tue Jun 01 02:52:40 BRT 2021 (1622526760)
2021-09-08 09:35:42,099 [INFO] DbBoardsDocs:79 - Found 193 boards documents
2021-09-08 09:35:42,100 [WARN] DbBoards:127 - board B-L462E-CELL1 has no document id list !
2021-09-08 09:35:42,100 [WARN] DbBoards:127 - board B-L475E-IOT01A2 has no document id list !
2021-09-08 09:35:42,100 [WARN] DbBoards:127 - board B-U585I-IOT02A has no document id list !
2021-09-08 09:35:42,101 [WARN] DbBoards:127 - board NUCLEO-G0B1RE has no document id list !
2021-09-08 09:35:42,101 [WARN] DbBoards:127 - board NUCLEO-H743ZI has no document id list !
2021-09-08 09:35:42,102 [WARN] DbBoards:127 - board NUCLEO-L4A6ZG has no document id list !
2021-09-08 09:35:42,102 [WARN] DbBoards:127 - board NUCLEO-U575ZI-Q has no document id list !
2021-09-08 09:35:42,102 [WARN] DbBoards:127 - board NUCLEO-WB15CC has no document id list !
2021-09-08 09:35:42,102 [WARN] DbBoards:127 - board NUCLEO-WB55RG has no document id list !
2021-09-08 09:35:42,102 [WARN] DbBoards:127 - board NUCLEO-WL55JC2 has no document id list !
2021-09-08 09:35:42,102 [WARN] DbBoards:127 - board P-NUCLEO-WB55-Nucleo has no document id list !
2021-09-08 09:35:42,102 [WARN] DbBoards:127 - board P-NUCLEO-WB55-USBDongle has no document id list !
2021-09-08 09:35:42,102 [WARN] DbBoards:127 - board STEVAL-BFA001V1B has no document id list !
2021-09-08 09:35:42,102 [WARN] DbBoards:127 - board STEVAL-BFA001V2B has no document id list !
2021-09-08 09:35:42,102 [WARN] DbBoards:127 - board STEVAL-IDP005V1 has no document id list !
2021-09-08 09:35:42,102 [WARN] DbBoards:127 - board STEVAL-IDP005V2 has no document id list !
2021-09-08 09:35:42,102 [WARN] DbBoards:127 - board STEVAL-MKSBOX1V1 has no document id list !
2021-09-08 09:35:42,102 [WARN] DbBoards:127 - board STEVAL-STWINKT1 has no document id list !
2021-09-08 09:35:42,103 [WARN] DbBoards:127 - board STEVAL-STWINKT1B has no document id list !
2021-09-08 09:35:42,103 [WARN] DbBoards:127 - board STM32F401C-DISCO has no document id list !
2021-09-08 09:35:42,103 [WARN] DbBoards:127 - board STM32F769I-DISC1 has no document id list !
2021-09-08 09:35:42,103 [WARN] DbBoards:127 - board STM32G0C1E-EV has no document id list !
2021-09-08 09:35:42,104 [WARN] DbBoards:127 - board STM32G474E-EVAL1 has no document id list !
2021-09-08 09:35:42,104 [WARN] DbBoards:127 - board STM32H743I-EVAL2 has no document id list !
2021-09-08 09:35:42,104 [WARN] DbBoards:127 - board STM32H747I-DISC1 has no document id list !
2021-09-08 09:35:42,104 [WARN] DbBoards:127 - board STM32H753I-EVAL2 has no document id list !
2021-09-08 09:35:42,104 [WARN] DbBoards:127 - board STM32L-DISCOVERY has no document id list !
2021-09-08 09:35:42,105 [WARN] DbBoards:127 - board STM32MP157A-DK1 has no document id list !
2021-09-08 09:35:42,105 [WARN] DbBoards:127 - board STM32MP157D-DK1 has no document id list !
2021-09-08 09:35:42,105 [WARN] DbBoards:127 - board STM32MP157D-EV1 has no document id list !
2021-09-08 09:35:42,105 [WARN] DbBoards:127 - board STM32MP157F-DK2 has no document id list !
2021-09-08 09:35:42,105 [WARN] DbBoards:127 - board STM32MP157F-EV1 has no document id list !
2021-09-08 09:35:42,105 [WARN] DbBoards:127 - board STM32U575I-EV has no document id list !
2021-09-08 09:35:42,105 [WARN] DbBoards:127 - board STM32WB5MM-DK has no document id list !
2021-09-08 09:35:43,877 [INFO] ApiDb:251 - Load user favorites file C:\Users\jose.adriano/.stm32cubeide/favorites.boards.txt: 0 item(s)
2021-09-08 09:35:43,877 [INFO] ApiDb:255 - User favorites Boards=[]
2021-09-08 09:35:43,877 [INFO] DbBoards:206 - Set 0 / 0 favorites Boards
2021-09-08 09:35:43,892 [INFO] DbBoardsDocs:79 - Found 386 boards documents
2021-09-08 09:35:43,892 [INFO] ApiDb:276 - Save user favorites file C:\Users\jose.adriano/.stm32cubeide/favorites.boards.txt: 0 item(s)
2021-09-08 09:35:43,892 [INFO] ApiDb:280 - User favorites Boards=[]
2021-09-08 09:35:43,895 [INFO] DbBoardsPdsc:90 - Found 25 items
2021-09-08 09:35:43,896 [INFO] DbBoardsPdsc:90 - Found 9 items
2021-09-08 09:35:43,899 [INFO] DbBoardsPdsc:90 - Found 33 items
2021-09-08 09:35:43,899 [INFO] DbBoardsPdsc:90 - Found 1 items
2021-09-08 09:35:43,903 [INFO] DbBoardsPdsc:90 - Found 48 items
2021-09-08 09:35:43,908 [INFO] DbBoardsPdsc:90 - Found 43 items
2021-09-08 09:35:43,908 [INFO] DbBoardsPdsc:90 - Found 2 items
2021-09-08 09:35:43,910 [INFO] DbBoardsPdsc:90 - Found 5 items
2021-09-08 09:35:43,912 [WARN] DbBoardsPdsc:254 - Board STM32H7B3I-DK: unknown feature type=Audio, name=, username=Audio stereo codec with Headphone Amp (CS42L51-CNZ), n=1
2021-09-08 09:35:43,913 [WARN] DbBoardsPdsc:254 - Board STM32H735G-DK: unknown feature type=Audio, name=, username=Audio stereo codec with Headphone Amp (WM8994ECS/R), n=1
2021-09-08 09:35:43,914 [WARN] DbBoardsPdsc:254 - Board STM32H7B3I-EVAL: unknown feature type=Audio, name=, username=Multi-Channel Audio Codec (CS42L51-CNZ), n=1
2021-09-08 09:35:43,914 [WARN] DbBoardsPdsc:254 - Board STM32H7B3I-EVAL: unknown feature type=Meter, name=, username=Power-metering and Temperature-monitoring with sigma-delta modulators, n=1
2021-09-08 09:35:43,915 [WARN] DbBoardsPdsc:254 - Board STM32H7B3I-EVAL: unknown feature type=Motor, name=, username=Motor Control, n=1
2021-09-08 09:35:43,915 [WARN] DbBoardsPdsc:254 - Board STM32U575I-EV: unknown feature type=joystick, name=, username=4-direction joystick with selection button, n=1
2021-09-08 09:35:43,940 [INFO] DbBoardsJson:86 - JSON generation date=Tue Jun 01 02:52:40 BRT 2021 (1622526760)
2021-09-08 09:35:43,944 [INFO] DbBoards:117 - Found 166 boards (163 are supported by CubeMX)
2021-09-08 09:35:43,945 [WARN] DbBoards:127 - board B-L462E-CELL1 has no document id list !
2021-09-08 09:35:43,945 [WARN] DbBoards:127 - board B-L475E-IOT01A2 has no document id list !
2021-09-08 09:35:43,945 [WARN] DbBoards:127 - board B-U585I-IOT02A has no document id list !
2021-09-08 09:35:43,945 [WARN] DbBoards:127 - board NUCLEO-G0B1RE has no document id list !
2021-09-08 09:35:43,945 [WARN] DbBoards:127 - board NUCLEO-H743ZI has no document id list !
2021-09-08 09:35:43,945 [WARN] DbBoards:127 - board NUCLEO-L4A6ZG has no document id list !
2021-09-08 09:35:43,945 [WARN] DbBoards:127 - board NUCLEO-U575ZI-Q has no document id list !
2021-09-08 09:35:43,945 [WARN] DbBoards:127 - board NUCLEO-WB15CC has no document id list !
2021-09-08 09:35:43,945 [WARN] DbBoards:127 - board NUCLEO-WB55RG has no document id list !
2021-09-08 09:35:43,945 [WARN] DbBoards:127 - board NUCLEO-WL55JC2 has no document id list !
2021-09-08 09:35:43,946 [WARN] DbBoards:127 - board P-NUCLEO-WB55-Nucleo has no document id list !
2021-09-08 09:35:43,946 [WARN] DbBoards:127 - board P-NUCLEO-WB55-USBDongle has no document id list !
2021-09-08 09:35:43,946 [WARN] DbBoards:127 - board STEVAL-BFA001V1B has no document id list !
2021-09-08 09:35:43,946 [WARN] DbBoards:127 - board STEVAL-BFA001V2B has no document id list !
2021-09-08 09:35:43,946 [WARN] DbBoards:127 - board STEVAL-IDP005V1 has no document id list !
2021-09-08 09:35:43,946 [WARN] DbBoards:127 - board STEVAL-IDP005V2 has no document id list !
2021-09-08 09:35:43,946 [WARN] DbBoards:127 - board STEVAL-MKSBOX1V1 has no document id list !
2021-09-08 09:35:43,946 [WARN] DbBoards:127 - board STEVAL-STWINKT1 has no document id list !
2021-09-08 09:35:43,946 [WARN] DbBoards:127 - board STEVAL-STWINKT1B has no document id list !
2021-09-08 09:35:43,946 [WARN] DbBoards:127 - board STM32F401C-DISCO has no document id list !
2021-09-08 09:35:43,946 [WARN] DbBoards:127 - board STM32F769I-DISC1 has no document id list !
2021-09-08 09:35:43,946 [WARN] DbBoards:127 - board STM32G0C1E-EV has no document id list !
2021-09-08 09:35:43,946 [WARN] DbBoards:127 - board STM32G474E-EVAL1 has no document id list !
2021-09-08 09:35:43,946 [WARN] DbBoards:127 - board STM32H743I-EVAL2 has no document id list !
2021-09-08 09:35:43,946 [WARN] DbBoards:127 - board STM32H747I-DISC1 has no document id list !
2021-09-08 09:35:43,946 [WARN] DbBoards:127 - board STM32H753I-EVAL2 has no document id list !
2021-09-08 09:35:43,947 [WARN] DbBoards:127 - board STM32L-DISCOVERY has no document id list !
2021-09-08 09:35:43,947 [WARN] DbBoards:127 - board STM32MP157A-DK1 has no document id list !
2021-09-08 09:35:43,947 [WARN] DbBoards:127 - board STM32MP157D-DK1 has no document id list !
2021-09-08 09:35:43,947 [WARN] DbBoards:127 - board STM32MP157D-EV1 has no document id list !
2021-09-08 09:35:43,947 [WARN] DbBoards:127 - board STM32MP157F-DK2 has no document id list !
2021-09-08 09:35:43,947 [WARN] DbBoards:127 - board STM32MP157F-EV1 has no document id list !
2021-09-08 09:35:43,947 [WARN] DbBoards:127 - board STM32U575I-EV has no document id list !
2021-09-08 09:35:43,947 [WARN] DbBoards:127 - board STM32WB5MM-DK has no document id list !
2021-09-08 09:35:44,863 [INFO] ApiDb:251 - Load user favorites file C:\Users\jose.adriano/.stm32cubeide/favorites.boards.txt: 0 item(s)
2021-09-08 09:35:44,863 [INFO] ApiDb:255 - User favorites Boards=[]
2021-09-08 09:35:44,864 [INFO] DbBoards:206 - Set 0 / 0 favorites Boards
2021-09-08 09:35:45,228 [INFO] ServerAccessManage:362 - Download File 
2021-09-08 09:35:45,232 [INFO] LoadUrlFilesThread:172 - End of LoadServerUrlFiles without Thread
2021-09-08 09:35:45,233 [INFO] TargetSelectorAdapter:224 - Refresh data is successful
2021-09-08 09:35:45,590 [INFO] ApiDb:479 - Connected to CubeFinder SQLite database (C:\Users\jose.adriano\.stmcufinder\plugins\mcufinder\mcu\cube-finder-db.db)
2021-09-08 09:35:46,106 [INFO] DbExamplesSqlite:411 - Ignored 49 examples not supported by CubeIDE
2021-09-08 09:35:46,106 [INFO] DbExamplesSqlite:412 - Found 5419 examples active
2021-09-08 09:35:46,106 [INFO] DbExamplesSqlite:413 - Found 0 examples obsolete
2021-09-08 09:35:46,107 [INFO] DbExamplesSqlite:414 - Found 0 examples under development
2021-09-08 09:35:46,107 [INFO] DbExamplesSqlite:415 - Found 110 examples not building
2021-09-08 09:35:46,120 [INFO] DbExamplesSqlite:108 - CubeFinder database Data Model version=2.1
2021-09-08 09:35:46,120 [INFO] DbExamplesSqlite:109 - CubeFinder database Configuration version=3.0.11
2021-09-08 09:35:46,120 [INFO] DbExamplesSqlite:110 - CubeFinder database generation date=2021-08-20 (1629453029)
2021-09-08 09:35:46,120 [INFO] DbExamplesSqlite:111 - CubeFinder database FW Pack versions=[STM32Cube_FW_F4_V1.26.2, STM32Cube_FW_F7_V1.16.1, STM32Cube_FW_G0_V1.5.0, STM32Cube_FW_G4_V1.4.0, STM32Cube_FW_H7_V1.9.0, STM32Cube_FW_L5_V1.4.0, STM32Cube_FW_U5_V1.0.0, STM32Cube_FW_WB_V1.12.1, STM32Cube_FW_WL_V1.1.0, X-CUBE-ALS_V1.0.1, X-CUBE-AZRTOS-H7_V1.1.0, X-CUBE-BLE1_V6.2.0, X-CUBE-BLE2_V3.2.1, X-CUBE-EEPRMA1_V3.1.0, X-CUBE-GNSS1_V5.2.0, X-CUBE-NFC4_V2.0.3, X-CUBE-SFXS2LP1_V3.1.0]
2021-09-08 09:35:46,121 [INFO] DbExamples:130 - Found 5480 examples
2021-09-08 09:35:46,776 [ERROR] DbExamples:206 - Found 338 examples with invalid data (board or MCU)
2021-09-08 09:35:46,776 [INFO] DbExamples:222 - Found 70 boards with related examples
2021-09-08 09:35:46,785 [INFO] DbExamples:235 - Found 59 MCUs with related examples
2021-09-08 09:35:46,800 [INFO] ApiDb:242 - User favorites file not found: C:\Users\jose.adriano/.stm32cubeide/favorites.examples.txt
2021-09-08 09:35:46,800 [INFO] DbExamples:256 - Set 0 / 0 favorites Examples
2021-09-08 09:35:47,115 [INFO] McuFinderGlobals:52 - Set McuFinderConnectedMode to false
2021-09-08 09:35:47,262 [INFO] CrossSelectorPresenter:1330 - Cross Selector saved comparison directory: C:\Users\jose.adriano\.stmcufinder\plugins\mcufinder\mcu\cs_comparisons_mx
2021-09-08 09:35:47,266 [INFO] MultiScanPanel:197 - Auto-refresh data requested => check proxy status ongoing
2021-09-08 09:35:47,267 [INFO] MultiScanPanel:201 - Proxy status is invalid
2021-09-08 09:35:47,268 [INFO] FinderPluginLoader:87 - Searching for filters in installed packs
2021-09-08 09:35:47,642 [INFO] DetailPanel:309 - Set advertising image to C:/Users/jose.adriano/STM32Cube/Repository/\en.prom_STM32U5_PSA-SESIP_LV3_0821.png
2021-09-08 09:35:59,647 [INFO] MultiScanPanel:197 - Auto-refresh data requested => check proxy status ongoing
2021-09-08 09:35:59,647 [INFO] MultiScanPanel:201 - Proxy status is invalid
2021-09-08 09:35:59,689 [INFO] DetailPanel:309 - Set advertising image to C:/Users/jose.adriano/STM32Cube/Repository/\en.prom_STM32U5_PSA-SESIP_LV3_0821.png
2021-09-08 09:45:10,441 [INFO] BoardResultTable:551 - Mark Board NUCLEO-F103RB as favorite
2021-09-08 09:45:45,135 [INFO] BoardAction:164 - Large Picture
2021-09-08 09:46:01,912 [INFO] BoardAction:69 - Docs & Resources
2021-09-08 09:46:03,738 [INFO] BoardAction:164 - Large Picture
2021-09-08 09:46:44,163 [INFO] BoardAction:42 - Features
2021-09-08 09:47:38,394 [INFO] BoardAction:164 - Large Picture
2021-09-08 09:47:40,992 [INFO] BoardAction:42 - Features
2021-09-08 09:51:23,154 [INFO] McuFinderGlobals:52 - Set McuFinderConnectedMode to true
2021-09-08 09:51:23,655 [INFO] ApiDb:276 - Save user favorites file C:\Users\jose.adriano/.stm32cubeide/favorites.mcus.txt: 0 item(s)
2021-09-08 09:51:23,656 [INFO] ApiDb:280 - User favorites MCUs=[]
2021-09-08 09:51:23,661 [INFO] ApiDb:276 - Save user favorites file C:\Users\jose.adriano/.stm32cubeide/favorites.boards.txt: 1 item(s)
2021-09-08 09:51:23,661 [INFO] ApiDb:280 - User favorites Boards=[NUCLEO-F103RB]
